<?xml version="1.0" encoding="UTF-8"?>
<!-- Generated by org.testng.reporters.JUnitReportReporter -->
<testsuite hostname="DESKTOP-DOJ891E" failures="0" tests="1" name="tests.loginTest" time="17.306" errors="0" timestamp="2025-06-18T17:45:00 IST" skipped="0">
  <testcase classname="tests.loginTest" name="loginTest" time="17.306"/>
</testsuite> <!-- tests.loginTest -->
