<?xml version="1.0" encoding="UTF-8"?>
<!-- Generated by org.testng.reporters.JUnitReportReporter -->
<testsuite hostname="DESKTOP-DOJ891E" failures="0" tests="2" name="utils.baseTest" time="23.578" errors="0" timestamp="2025-06-18T12:35:24 IST" skipped="0">
  <testcase classname="utils.baseTest" name="tearDown" time="0.936"/>
  <testcase classname="utils.baseTest" name="setup" time="22.642"/>
</testsuite> <!-- utils.baseTest -->
